<?xml version="1.0" encoding="UTF-8"?>
<!-- Generated by org.testng.reporters.JUnitReportReporter -->
<testsuite hostname="LAPTOP-F4OCCG3E" failures="0" tests="1" name="Test05_PATCH" time="3.093" errors="0" timestamp="2022-03-28T22:18:14 IST" skipped="0">
  <testcase classname="Test05_PATCH" name="test_patch" time="3.093"/>
  <system-out/>
</testsuite> <!-- Test05_PATCH -->
