<?xml version="1.0" encoding="UTF-8"?>
<!-- Generated by org.testng.reporters.JUnitReportReporter -->
<testsuite hostname="LAPTOP-F4OCCG3E" failures="0" tests="1" name="Test03_POST" time="3.543" errors="0" timestamp="2022-03-28T22:12:06 IST" skipped="0">
  <testcase classname="Test03_POST" name="test_post" time="3.543"/>
  <system-out/>
</testsuite> <!-- Test03_POST -->
