<?xml version="1.0" encoding="UTF-8"?>
<!-- Generated by org.testng.reporters.JUnitReportReporter -->
<testsuite hostname="LAPTOP-F4OCCG3E" failures="0" tests="2" name="Test01_GET" time="3.412" errors="0" timestamp="2022-03-28T20:31:58 IST" skipped="0">
  <testcase classname="Test01_GET" name="test_01" time="2.416"/>
  <system-out/>
  <testcase classname="Test01_GET" name="test_02" time="0.996"/>
  <system-out/>
</testsuite> <!-- Test01_GET -->
