<?xml version="1.0" encoding="UTF-8"?>
<!-- Generated by org.testng.reporters.JUnitReportReporter -->
<testsuite hostname="LAPTOP-F4OCCG3E" failures="0" tests="1" name="Test04_PUT" time="2.253" errors="0" timestamp="2022-03-28T22:15:47 IST" skipped="0">
  <testcase classname="Test04_PUT" name="test_put" time="2.253"/>
  <system-out/>
</testsuite> <!-- Test04_PUT -->
