<?xml version="1.0" encoding="UTF-8"?>
<!-- Generated by org.testng.reporters.JUnitReportReporter -->
<testsuite hostname="LAPTOP-F4OCCG3E" failures="0" tests="1" name="Test02_GET" time="3.149" errors="0" timestamp="2022-03-28T21:14:57 IST" skipped="0">
  <testcase classname="Test02_GET" name="test_1" time="3.149"/>
  <system-out/>
</testsuite> <!-- Test02_GET -->
