<?xml version="1.0" encoding="UTF-8"?>
<!-- Generated by org.testng.reporters.JUnitReportReporter -->
<testsuite hostname="LAPTOP-F4OCCG3E" failures="0" tests="1" name="Test06_DELETE" time="2.508" errors="0" timestamp="2022-03-28T22:21:55 IST" skipped="0">
  <testcase classname="Test06_DELETE" name="test_delete" time="2.508"/>
  <system-out/>
</testsuite> <!-- Test06_DELETE -->
